This is pdfTeX, Version 3.141592653-2.6-1.40.26 (TeX Live 2024) (preloaded format=pdflatex 2024.8.21)  10 FEB 2026 20:32
entering extended mode
 restricted \write18 enabled.
 file:line:error style messages enabled.
 %&-line parsing enabled.
**/Users/natejly/Documents/GitHub/CPSC4770/hw1/hw1.tex
(/Users/natejly/Documents/GitHub/CPSC4770/hw1/hw1.tex
LaTeX2e <2024-06-01> patch level 2
L3 programming layer <2024-07-20>

! LaTeX Error: File `exam.cls' not found.

Type X to quit or <RETURN> to proceed,
or enter new name. (Default extension: cls)

Enter file name: 
/Users/natejly/Documents/GitHub/CPSC4770/hw1/hw1.tex:11: Emergency stop.
<read *> 
         
l.11 ^^M
        
*** (cannot \read from terminal in nonstop modes)

 
Here is how much of TeX's memory you used:
 20 strings out of 475539
 525 string characters out of 5776665
 1925957 words of memory out of 5000000
 22763 multiletter control sequences out of 15000+600000
 558069 words of font info for 36 fonts, out of 8000000 for 9000
 14 hyphenation exceptions out of 8191
 19i,0n,29p,147b,17s stack positions out of 10000i,1000n,20000p,200000b,200000s
/Users/natejly/Documents/GitHub/CPSC4770/hw1/hw1.tex:11:  ==> Fatal error occurred, no output PDF file produced!
